razorPay/build/intermediates/manifest_merge_blame_file/prod/manifest-merger-blame-prod-report.txt
1<?xml version="1.0" encoding="utf-8"?>
2<manifest xmlns:android="http://schemas.android.com/apk/res/android"
3    package="com.ballchalu.razorpay"
4    android:versionCode="1"
5    android:versionName="1.0" >
6
7    <uses-sdk
8        android:minSdkVersion="21"
8-->src\main\AndroidManifest.xml
9        android:targetSdkVersion="29" />
9-->src\main\AndroidManifest.xml
10
11    <application>
11-->src\main\AndroidManifest.xml:5:5-12:19
12        <activity android:name="com.ballchalu.razorpay.PaymentSelectionActivity" />
12-->src\main\AndroidManifest.xml:7:9-84
12-->src\main\AndroidManifest.xml:7:19-81
13
14        <meta-data
14-->src\main\AndroidManifest.xml:9:9-11:55
15            android:name="com.razorpay.ApiKey"
15-->src\main\AndroidManifest.xml:10:13-47
16            android:value="rzp_test_Hp7ErFYxufCDEY" />
16-->src\main\AndroidManifest.xml:11:13-52
17    </application>
18
19</manifest>